Design Assistant report for MIPS
Sun Nov 26 18:38:53 2017
Quartus Prime Version 17.1.0 Build 590 10/25/2017 SJ Lite Edition


---------------------
; Table of Contents ;
---------------------
  1. Legal Notice
  2. Design Assistant Summary
  3. Design Assistant Settings
  4. Critical Violations
  5. High Violations
  6. Information only Violations
  7. Design Assistant Messages



----------------
; Legal Notice ;
----------------
Copyright (C) 2017  Intel Corporation. All rights reserved.
Your use of Intel Corporation's design tools, logic functions 
and other software and tools, and its AMPP partner logic 
functions, and any output files from any of the foregoing 
(including device programming or simulation files), and any 
associated documentation or information are expressly subject 
to the terms and conditions of the Intel Program License 
Subscription Agreement, the Intel Quartus Prime License Agreement,
the Intel FPGA IP License Agreement, or other applicable license
agreement, including, without limitation, that your use is for
the sole purpose of programming logic devices manufactured by
Intel and sold by Intel or its authorized distributors.  Please
refer to the applicable agreement for further details.



+-------------------------------------------------------------------------+
; Design Assistant Summary                                                ;
+-----------------------------------+-------------------------------------+
; Design Assistant Status           ; Analyzed - Sun Nov 26 18:38:53 2017 ;
; Revision Name                     ; MIPS                                ;
; Top-level Entity Name             ; fluxoDeDados                        ;
; Family                            ; Cyclone IV E                        ;
; Total Critical Violations         ; 1                                   ;
; - Rule A101                       ; 1                                   ;
; Total High Violations             ; 31                                  ;
; - Rule A108                       ; 31                                  ;
; Total Medium Violations           ; 0                                   ;
; Total Information only Violations ; 50                                  ;
; - Rule T102                       ; 50                                  ;
+-----------------------------------+-------------------------------------+


+--------------------------------------------------------------------------------------------------------------------------------------------------------------------------------------------+
; Design Assistant Settings                                                                                                                                                                  ;
+----------------------------------------------------------------------------------------------------------------------------------------------------------------------+----------------+----+
; Option                                                                                                                                                               ; Setting        ; To ;
+----------------------------------------------------------------------------------------------------------------------------------------------------------------------+----------------+----+
; Design Assistant mode                                                                                                                                                ; Post-Synthesis ;    ;
; Threshold value for clock net not mapped to clock spines rule                                                                                                        ; 25             ;    ;
; Minimum number of clock port feed by gated clocks                                                                                                                    ; 30             ;    ;
; Minimum number of node fan-out                                                                                                                                       ; 30             ;    ;
; Maximum number of nodes to report                                                                                                                                    ; 50             ;    ;
; Rule C101: Gated clock should be implemented according to the Intel FPGA standard scheme                                                                             ; On             ;    ;
; Rule C102: Logic cell should not be used to generate an inverted clock signal                                                                                        ; On             ;    ;
; Rule C103: Gated clock does not feed at least a pre-defined number of clock ports to effectively save power                                                          ; On             ;    ;
; Rule C104: Clock signal source should drive only clock input ports                                                                                                   ; On             ;    ;
; Rule C105: Clock signal should be a global signal                                                                                                                    ; On             ;    ;
; Rule C106: Clock signal source should not drive registers triggered by different clock edges                                                                         ; On             ;    ;
; Rule R101: Combinational logic used as a reset signal should be synchronized                                                                                         ; On             ;    ;
; Rule R102: External reset signals should be synchronized using two cascaded registers                                                                                ; On             ;    ;
; Rule R103: External reset signal should be correctly synchronized                                                                                                    ; On             ;    ;
; Rule R104: The reset signal that is generated in one clock domain and used in another clock domain should be correctly synchronized                                  ; On             ;    ;
; Rule R105: The reset signal that is generated in one clock domain and used in another clock domain should be synchronized                                            ; On             ;    ;
; Rule T101: Nodes with more than the specified number of fan-outs                                                                                                     ; On             ;    ;
; Rule T102: Top nodes with the highest number of fan-outs                                                                                                             ; On             ;    ;
; Rule A101: Design should not contain combinational loops                                                                                                             ; On             ;    ;
; Rule A102: Register output should not drive its own control signal directly or through combinational logic                                                           ; On             ;    ;
; Rule A103: Design should not contain delay chains                                                                                                                    ; On             ;    ;
; Rule A104: Design should not contain ripple clock structures                                                                                                         ; On             ;    ;
; Rule A105: Pulses should not be implemented asynchronously                                                                                                           ; On             ;    ;
; Rule A106: Multiple pulses should not be generated in design                                                                                                         ; On             ;    ;
; Rule A107: Design should not contain SR latches                                                                                                                      ; On             ;    ;
; Rule A108: Design should not contain latches                                                                                                                         ; On             ;    ;
; Rule S101: Output enable and input of the same tri-state node should not be driven by same signal source                                                             ; On             ;    ;
; Rule S102: Synchronous port and asynchronous port of the same register should not be driven by the same signal source                                                ; On             ;    ;
; Rule S103: More than one asynchronous port of a register should not be driven by the same signal source                                                              ; On             ;    ;
; Rule S104: Clock port and any other port of a register should not be driven by the same signal source                                                                ; On             ;    ;
; Rule D101: Data bits are not synchronized when transferred between asynchronous clock domains                                                                        ; On             ;    ;
; Rule D102: Multiple data bits that are transferred across asynchronous clock domains are synchronized, but not all bits may be aligned in the receiving clock domain ; On             ;    ;
; Rule D103: Data bits are not correctly synchronized when transferred between asynchronous clock domains                                                              ; On             ;    ;
+----------------------------------------------------------------------------------------------------------------------------------------------------------------------+----------------+----+


+--------------------------------------------------------------------------------------------------------------------+
; Critical Violations                                                                                                ;
+---------------------------------------------------------------------------------+----------------------------------+
; Rule name                                                                       ; Name                             ;
+---------------------------------------------------------------------------------+----------------------------------+
; Rule A101: Design should not contain combinational loops - Combinational loop 1 ;                                  ;
;  Combinational loop 1                                                           ; registradorGenerico:PC|DOUT[0]~0 ;
+---------------------------------------------------------------------------------+----------------------------------+


+-------------------------------------------------------------------------------------------+
; High Violations                                                                           ;
+---------------------------------------------------------+---------------------------------+
; Rule name                                               ; Name                            ;
+---------------------------------------------------------+---------------------------------+
; Rule A108: Design should not contain latches - Latch 1  ;                                 ;
;  Latch 1                                                ; registradorGenerico:PC|DOUT[2]  ;
; Rule A108: Design should not contain latches - Latch 2  ;                                 ;
;  Latch 2                                                ; registradorGenerico:PC|DOUT[3]  ;
; Rule A108: Design should not contain latches - Latch 3  ;                                 ;
;  Latch 3                                                ; registradorGenerico:PC|DOUT[4]  ;
; Rule A108: Design should not contain latches - Latch 4  ;                                 ;
;  Latch 4                                                ; registradorGenerico:PC|DOUT[5]  ;
; Rule A108: Design should not contain latches - Latch 5  ;                                 ;
;  Latch 5                                                ; registradorGenerico:PC|DOUT[6]  ;
; Rule A108: Design should not contain latches - Latch 6  ;                                 ;
;  Latch 6                                                ; registradorGenerico:PC|DOUT[7]  ;
; Rule A108: Design should not contain latches - Latch 7  ;                                 ;
;  Latch 7                                                ; registradorGenerico:PC|DOUT[8]  ;
; Rule A108: Design should not contain latches - Latch 8  ;                                 ;
;  Latch 8                                                ; registradorGenerico:PC|DOUT[9]  ;
; Rule A108: Design should not contain latches - Latch 9  ;                                 ;
;  Latch 9                                                ; registradorGenerico:PC|DOUT[10] ;
; Rule A108: Design should not contain latches - Latch 10 ;                                 ;
;  Latch 10                                               ; registradorGenerico:PC|DOUT[11] ;
; Rule A108: Design should not contain latches - Latch 11 ;                                 ;
;  Latch 11                                               ; registradorGenerico:PC|DOUT[12] ;
; Rule A108: Design should not contain latches - Latch 12 ;                                 ;
;  Latch 12                                               ; registradorGenerico:PC|DOUT[13] ;
; Rule A108: Design should not contain latches - Latch 13 ;                                 ;
;  Latch 13                                               ; registradorGenerico:PC|DOUT[14] ;
; Rule A108: Design should not contain latches - Latch 14 ;                                 ;
;  Latch 14                                               ; registradorGenerico:PC|DOUT[15] ;
; Rule A108: Design should not contain latches - Latch 15 ;                                 ;
;  Latch 15                                               ; registradorGenerico:PC|DOUT[16] ;
; Rule A108: Design should not contain latches - Latch 16 ;                                 ;
;  Latch 16                                               ; registradorGenerico:PC|DOUT[17] ;
; Rule A108: Design should not contain latches - Latch 17 ;                                 ;
;  Latch 17                                               ; registradorGenerico:PC|DOUT[18] ;
; Rule A108: Design should not contain latches - Latch 18 ;                                 ;
;  Latch 18                                               ; registradorGenerico:PC|DOUT[19] ;
; Rule A108: Design should not contain latches - Latch 19 ;                                 ;
;  Latch 19                                               ; registradorGenerico:PC|DOUT[20] ;
; Rule A108: Design should not contain latches - Latch 20 ;                                 ;
;  Latch 20                                               ; registradorGenerico:PC|DOUT[21] ;
; Rule A108: Design should not contain latches - Latch 21 ;                                 ;
;  Latch 21                                               ; registradorGenerico:PC|DOUT[22] ;
; Rule A108: Design should not contain latches - Latch 22 ;                                 ;
;  Latch 22                                               ; registradorGenerico:PC|DOUT[23] ;
; Rule A108: Design should not contain latches - Latch 23 ;                                 ;
;  Latch 23                                               ; registradorGenerico:PC|DOUT[24] ;
; Rule A108: Design should not contain latches - Latch 24 ;                                 ;
;  Latch 24                                               ; registradorGenerico:PC|DOUT[25] ;
; Rule A108: Design should not contain latches - Latch 25 ;                                 ;
;  Latch 25                                               ; registradorGenerico:PC|DOUT[26] ;
; Rule A108: Design should not contain latches - Latch 26 ;                                 ;
;  Latch 26                                               ; registradorGenerico:PC|DOUT[27] ;
; Rule A108: Design should not contain latches - Latch 27 ;                                 ;
;  Latch 27                                               ; registradorGenerico:PC|DOUT[28] ;
; Rule A108: Design should not contain latches - Latch 28 ;                                 ;
;  Latch 28                                               ; registradorGenerico:PC|DOUT[29] ;
; Rule A108: Design should not contain latches - Latch 29 ;                                 ;
;  Latch 29                                               ; registradorGenerico:PC|DOUT[30] ;
; Rule A108: Design should not contain latches - Latch 30 ;                                 ;
;  Latch 30                                               ; registradorGenerico:PC|DOUT[31] ;
; Rule A108: Design should not contain latches - Latch 31 ;                                 ;
;  Latch 31                                               ; registradorGenerico:PC|DOUT[1]  ;
+---------------------------------------------------------+---------------------------------+


+-------------------------------------------------------------------------------------------------------+
; Information only Violations                                                                           ;
+----------------------------------------------------------+----------------------------------+---------+
; Rule name                                                ; Name                             ; Fan-Out ;
+----------------------------------------------------------+----------------------------------+---------+
; Rule T102: Top nodes with the highest number of fan-outs ; registradorGenerico:PC|DOUT[17]  ; 3       ;
; Rule T102: Top nodes with the highest number of fan-outs ; registradorGenerico:PC|DOUT[13]  ; 3       ;
; Rule T102: Top nodes with the highest number of fan-outs ; registradorGenerico:PC|DOUT[6]   ; 3       ;
; Rule T102: Top nodes with the highest number of fan-outs ; registradorGenerico:PC|DOUT[2]   ; 3       ;
; Rule T102: Top nodes with the highest number of fan-outs ; registradorGenerico:PC|DOUT[25]  ; 3       ;
; Rule T102: Top nodes with the highest number of fan-outs ; registradorGenerico:PC|DOUT[16]  ; 3       ;
; Rule T102: Top nodes with the highest number of fan-outs ; registradorGenerico:PC|DOUT[7]   ; 3       ;
; Rule T102: Top nodes with the highest number of fan-outs ; registradorGenerico:PC|DOUT[3]   ; 3       ;
; Rule T102: Top nodes with the highest number of fan-outs ; registradorGenerico:PC|DOUT[28]  ; 3       ;
; Rule T102: Top nodes with the highest number of fan-outs ; registradorGenerico:PC|DOUT[31]  ; 3       ;
; Rule T102: Top nodes with the highest number of fan-outs ; registradorGenerico:PC|DOUT[0]~0 ; 3       ;
; Rule T102: Top nodes with the highest number of fan-outs ; registradorGenerico:PC|DOUT[29]  ; 3       ;
; Rule T102: Top nodes with the highest number of fan-outs ; registradorGenerico:PC|DOUT[18]  ; 3       ;
; Rule T102: Top nodes with the highest number of fan-outs ; registradorGenerico:PC|DOUT[22]  ; 3       ;
; Rule T102: Top nodes with the highest number of fan-outs ; registradorGenerico:PC|DOUT[19]  ; 3       ;
; Rule T102: Top nodes with the highest number of fan-outs ; registradorGenerico:PC|DOUT[4]   ; 3       ;
; Rule T102: Top nodes with the highest number of fan-outs ; registradorGenerico:PC|DOUT[14]  ; 3       ;
; Rule T102: Top nodes with the highest number of fan-outs ; registradorGenerico:PC|DOUT[5]   ; 3       ;
; Rule T102: Top nodes with the highest number of fan-outs ; registradorGenerico:PC|DOUT[8]   ; 3       ;
; Rule T102: Top nodes with the highest number of fan-outs ; registradorGenerico:PC|DOUT[30]  ; 3       ;
; Rule T102: Top nodes with the highest number of fan-outs ; registradorGenerico:PC|DOUT[20]  ; 3       ;
; Rule T102: Top nodes with the highest number of fan-outs ; registradorGenerico:PC|DOUT[9]   ; 3       ;
; Rule T102: Top nodes with the highest number of fan-outs ; registradorGenerico:PC|DOUT[21]  ; 3       ;
; Rule T102: Top nodes with the highest number of fan-outs ; registradorGenerico:PC|DOUT[15]  ; 3       ;
; Rule T102: Top nodes with the highest number of fan-outs ; registradorGenerico:PC|DOUT[23]  ; 3       ;
; Rule T102: Top nodes with the highest number of fan-outs ; registradorGenerico:PC|DOUT[1]   ; 3       ;
; Rule T102: Top nodes with the highest number of fan-outs ; registradorGenerico:PC|DOUT[10]  ; 3       ;
; Rule T102: Top nodes with the highest number of fan-outs ; registradorGenerico:PC|DOUT[11]  ; 3       ;
; Rule T102: Top nodes with the highest number of fan-outs ; registradorGenerico:PC|DOUT[24]  ; 3       ;
; Rule T102: Top nodes with the highest number of fan-outs ; registradorGenerico:PC|DOUT[26]  ; 3       ;
; Rule T102: Top nodes with the highest number of fan-outs ; registradorGenerico:PC|DOUT[12]  ; 3       ;
; Rule T102: Top nodes with the highest number of fan-outs ; registradorGenerico:PC|DOUT[27]  ; 3       ;
; Rule T102: Top nodes with the highest number of fan-outs ; ULA:AdderPC|Add2~0               ; 1       ;
; Rule T102: Top nodes with the highest number of fan-outs ; memTestOut[12]~output            ; 1       ;
; Rule T102: Top nodes with the highest number of fan-outs ; memTestOut[13]~output            ; 1       ;
; Rule T102: Top nodes with the highest number of fan-outs ; memTestOut[14]~output            ; 1       ;
; Rule T102: Top nodes with the highest number of fan-outs ; memTestOut[15]~output            ; 1       ;
; Rule T102: Top nodes with the highest number of fan-outs ; clk                              ; 1       ;
; Rule T102: Top nodes with the highest number of fan-outs ; memTestOut[16]~output            ; 1       ;
; Rule T102: Top nodes with the highest number of fan-outs ; memTestOut[17]~output            ; 1       ;
; Rule T102: Top nodes with the highest number of fan-outs ; memTestOut[18]~output            ; 1       ;
; Rule T102: Top nodes with the highest number of fan-outs ; memTestOut[19]~output            ; 1       ;
; Rule T102: Top nodes with the highest number of fan-outs ; ULA:AdderPC|Add2~1               ; 1       ;
; Rule T102: Top nodes with the highest number of fan-outs ; ULA:AdderPC|Add2~2               ; 1       ;
; Rule T102: Top nodes with the highest number of fan-outs ; memTestOut[20]~output            ; 1       ;
; Rule T102: Top nodes with the highest number of fan-outs ; memTestOut[21]~output            ; 1       ;
; Rule T102: Top nodes with the highest number of fan-outs ; memTestOut[22]~output            ; 1       ;
; Rule T102: Top nodes with the highest number of fan-outs ; memTestOut[23]~output            ; 1       ;
; Rule T102: Top nodes with the highest number of fan-outs ; ULA:AdderPC|Add2~3               ; 1       ;
; Rule T102: Top nodes with the highest number of fan-outs ; ULA:AdderPC|Add2~4               ; 1       ;
+----------------------------------------------------------+----------------------------------+---------+


+---------------------------+
; Design Assistant Messages ;
+---------------------------+
Info: *******************************************************************
Info: Running Quartus Prime Design Assistant
    Info: Version 17.1.0 Build 590 10/25/2017 SJ Lite Edition
    Info: Processing started: Sun Nov 26 18:38:52 2017
Info: Command: quartus_drc MIPS -c MIPS
Info (119006): Selected device EP4CE115F29C7 for design "MIPS"
Warning (335093): TimeQuest Timing Analyzer is analyzing 31 combinational loops as latches. For more details, run the Check Timing command in the TimeQuest Timing Analyzer or view the "User-Specified and Inferred Latches" table in the Analysis & Synthesis report.
Critical Warning (332012): Synopsys Design Constraints File file not found: 'MIPS.sdc'. A Synopsys Design Constraints File is required by the TimeQuest Timing Analyzer to get proper timing constraints. Without it, the Compiler will not properly optimize the design.
Info (332144): No user constrained base clocks found in the design
Warning (332125): Found combinational loop of 2 nodes File: C:/Users/Rafael/Documents/GitHub/MIPS/registradorGenerico.vhd Line: 22
    Warning (332126): Node "PC|DOUT[0]~0|combout"
    Warning (332126): Node "PC|DOUT[0]~0|datac"
Info (332143): No user constrained clock uncertainty found in the design. Calling "derive_clock_uncertainty"
Info (332154): The derive_clock_uncertainty command did not apply clock uncertainty to any clock-to-clock transfers.
Critical Warning (308037): (Critical) Rule A101: Design should not contain combinational loops. Found 1 combinational loop(s) related to this rule.
    Critical Warning (308012): Node  "registradorGenerico:PC|DOUT[0]~0" File: C:/Users/Rafael/Documents/GitHub/MIPS/registradorGenerico.vhd Line: 22
Critical Warning (308055): (High) Rule A108: Design should not contain latches. Found 31 latch(es) related to this rule.
    Critical Warning (308012): Node  "registradorGenerico:PC|DOUT[2]" File: C:/Users/Rafael/Documents/GitHub/MIPS/registradorGenerico.vhd Line: 22
    Critical Warning (308012): Node  "registradorGenerico:PC|DOUT[3]" File: C:/Users/Rafael/Documents/GitHub/MIPS/registradorGenerico.vhd Line: 22
    Critical Warning (308012): Node  "registradorGenerico:PC|DOUT[4]" File: C:/Users/Rafael/Documents/GitHub/MIPS/registradorGenerico.vhd Line: 22
    Critical Warning (308012): Node  "registradorGenerico:PC|DOUT[5]" File: C:/Users/Rafael/Documents/GitHub/MIPS/registradorGenerico.vhd Line: 22
    Critical Warning (308012): Node  "registradorGenerico:PC|DOUT[6]" File: C:/Users/Rafael/Documents/GitHub/MIPS/registradorGenerico.vhd Line: 22
    Critical Warning (308012): Node  "registradorGenerico:PC|DOUT[7]" File: C:/Users/Rafael/Documents/GitHub/MIPS/registradorGenerico.vhd Line: 22
    Critical Warning (308012): Node  "registradorGenerico:PC|DOUT[8]" File: C:/Users/Rafael/Documents/GitHub/MIPS/registradorGenerico.vhd Line: 22
    Critical Warning (308012): Node  "registradorGenerico:PC|DOUT[9]" File: C:/Users/Rafael/Documents/GitHub/MIPS/registradorGenerico.vhd Line: 22
    Critical Warning (308012): Node  "registradorGenerico:PC|DOUT[10]" File: C:/Users/Rafael/Documents/GitHub/MIPS/registradorGenerico.vhd Line: 22
    Critical Warning (308012): Node  "registradorGenerico:PC|DOUT[11]" File: C:/Users/Rafael/Documents/GitHub/MIPS/registradorGenerico.vhd Line: 22
    Critical Warning (308012): Node  "registradorGenerico:PC|DOUT[12]" File: C:/Users/Rafael/Documents/GitHub/MIPS/registradorGenerico.vhd Line: 22
    Critical Warning (308012): Node  "registradorGenerico:PC|DOUT[13]" File: C:/Users/Rafael/Documents/GitHub/MIPS/registradorGenerico.vhd Line: 22
    Critical Warning (308012): Node  "registradorGenerico:PC|DOUT[14]" File: C:/Users/Rafael/Documents/GitHub/MIPS/registradorGenerico.vhd Line: 22
    Critical Warning (308012): Node  "registradorGenerico:PC|DOUT[15]" File: C:/Users/Rafael/Documents/GitHub/MIPS/registradorGenerico.vhd Line: 22
    Critical Warning (308012): Node  "registradorGenerico:PC|DOUT[16]" File: C:/Users/Rafael/Documents/GitHub/MIPS/registradorGenerico.vhd Line: 22
    Critical Warning (308012): Node  "registradorGenerico:PC|DOUT[17]" File: C:/Users/Rafael/Documents/GitHub/MIPS/registradorGenerico.vhd Line: 22
    Critical Warning (308012): Node  "registradorGenerico:PC|DOUT[18]" File: C:/Users/Rafael/Documents/GitHub/MIPS/registradorGenerico.vhd Line: 22
    Critical Warning (308012): Node  "registradorGenerico:PC|DOUT[19]" File: C:/Users/Rafael/Documents/GitHub/MIPS/registradorGenerico.vhd Line: 22
    Critical Warning (308012): Node  "registradorGenerico:PC|DOUT[20]" File: C:/Users/Rafael/Documents/GitHub/MIPS/registradorGenerico.vhd Line: 22
    Critical Warning (308012): Node  "registradorGenerico:PC|DOUT[21]" File: C:/Users/Rafael/Documents/GitHub/MIPS/registradorGenerico.vhd Line: 22
    Critical Warning (308012): Node  "registradorGenerico:PC|DOUT[22]" File: C:/Users/Rafael/Documents/GitHub/MIPS/registradorGenerico.vhd Line: 22
    Critical Warning (308012): Node  "registradorGenerico:PC|DOUT[23]" File: C:/Users/Rafael/Documents/GitHub/MIPS/registradorGenerico.vhd Line: 22
    Critical Warning (308012): Node  "registradorGenerico:PC|DOUT[24]" File: C:/Users/Rafael/Documents/GitHub/MIPS/registradorGenerico.vhd Line: 22
    Critical Warning (308012): Node  "registradorGenerico:PC|DOUT[25]" File: C:/Users/Rafael/Documents/GitHub/MIPS/registradorGenerico.vhd Line: 22
    Critical Warning (308012): Node  "registradorGenerico:PC|DOUT[26]" File: C:/Users/Rafael/Documents/GitHub/MIPS/registradorGenerico.vhd Line: 22
    Critical Warning (308012): Node  "registradorGenerico:PC|DOUT[27]" File: C:/Users/Rafael/Documents/GitHub/MIPS/registradorGenerico.vhd Line: 22
    Critical Warning (308012): Node  "registradorGenerico:PC|DOUT[28]" File: C:/Users/Rafael/Documents/GitHub/MIPS/registradorGenerico.vhd Line: 22
    Critical Warning (308012): Node  "registradorGenerico:PC|DOUT[29]" File: C:/Users/Rafael/Documents/GitHub/MIPS/registradorGenerico.vhd Line: 22
    Critical Warning (308012): Node  "registradorGenerico:PC|DOUT[30]" File: C:/Users/Rafael/Documents/GitHub/MIPS/registradorGenerico.vhd Line: 22
    Critical Warning (308012): Node  "registradorGenerico:PC|DOUT[31]" File: C:/Users/Rafael/Documents/GitHub/MIPS/registradorGenerico.vhd Line: 22
    Info (308002): Truncated list of Design Assistant messages to 30 messages. Go to sections under Design Assistant section of Compilation Report for complete lists of Design Assistant messages generated.
Info (308044): (Information) Rule T102: Top nodes with the highest number of fan-outs. (Value defined:50). Found 50 node(s) with highest fan-out.
    Info (308011): Node  "registradorGenerico:PC|DOUT[17]" File: C:/Users/Rafael/Documents/GitHub/MIPS/registradorGenerico.vhd Line: 22
    Info (308011): Node  "registradorGenerico:PC|DOUT[13]" File: C:/Users/Rafael/Documents/GitHub/MIPS/registradorGenerico.vhd Line: 22
    Info (308011): Node  "registradorGenerico:PC|DOUT[6]" File: C:/Users/Rafael/Documents/GitHub/MIPS/registradorGenerico.vhd Line: 22
    Info (308011): Node  "registradorGenerico:PC|DOUT[2]" File: C:/Users/Rafael/Documents/GitHub/MIPS/registradorGenerico.vhd Line: 22
    Info (308011): Node  "registradorGenerico:PC|DOUT[25]" File: C:/Users/Rafael/Documents/GitHub/MIPS/registradorGenerico.vhd Line: 22
    Info (308011): Node  "registradorGenerico:PC|DOUT[16]" File: C:/Users/Rafael/Documents/GitHub/MIPS/registradorGenerico.vhd Line: 22
    Info (308011): Node  "registradorGenerico:PC|DOUT[7]" File: C:/Users/Rafael/Documents/GitHub/MIPS/registradorGenerico.vhd Line: 22
    Info (308011): Node  "registradorGenerico:PC|DOUT[3]" File: C:/Users/Rafael/Documents/GitHub/MIPS/registradorGenerico.vhd Line: 22
    Info (308011): Node  "registradorGenerico:PC|DOUT[28]" File: C:/Users/Rafael/Documents/GitHub/MIPS/registradorGenerico.vhd Line: 22
    Info (308011): Node  "registradorGenerico:PC|DOUT[31]" File: C:/Users/Rafael/Documents/GitHub/MIPS/registradorGenerico.vhd Line: 22
    Info (308011): Node  "registradorGenerico:PC|DOUT[0]~0" File: C:/Users/Rafael/Documents/GitHub/MIPS/registradorGenerico.vhd Line: 22
    Info (308011): Node  "registradorGenerico:PC|DOUT[29]" File: C:/Users/Rafael/Documents/GitHub/MIPS/registradorGenerico.vhd Line: 22
    Info (308011): Node  "registradorGenerico:PC|DOUT[18]" File: C:/Users/Rafael/Documents/GitHub/MIPS/registradorGenerico.vhd Line: 22
    Info (308011): Node  "registradorGenerico:PC|DOUT[22]" File: C:/Users/Rafael/Documents/GitHub/MIPS/registradorGenerico.vhd Line: 22
    Info (308011): Node  "registradorGenerico:PC|DOUT[19]" File: C:/Users/Rafael/Documents/GitHub/MIPS/registradorGenerico.vhd Line: 22
    Info (308011): Node  "registradorGenerico:PC|DOUT[4]" File: C:/Users/Rafael/Documents/GitHub/MIPS/registradorGenerico.vhd Line: 22
    Info (308011): Node  "registradorGenerico:PC|DOUT[14]" File: C:/Users/Rafael/Documents/GitHub/MIPS/registradorGenerico.vhd Line: 22
    Info (308011): Node  "registradorGenerico:PC|DOUT[5]" File: C:/Users/Rafael/Documents/GitHub/MIPS/registradorGenerico.vhd Line: 22
    Info (308011): Node  "registradorGenerico:PC|DOUT[8]" File: C:/Users/Rafael/Documents/GitHub/MIPS/registradorGenerico.vhd Line: 22
    Info (308011): Node  "registradorGenerico:PC|DOUT[30]" File: C:/Users/Rafael/Documents/GitHub/MIPS/registradorGenerico.vhd Line: 22
    Info (308011): Node  "registradorGenerico:PC|DOUT[20]" File: C:/Users/Rafael/Documents/GitHub/MIPS/registradorGenerico.vhd Line: 22
    Info (308011): Node  "registradorGenerico:PC|DOUT[9]" File: C:/Users/Rafael/Documents/GitHub/MIPS/registradorGenerico.vhd Line: 22
    Info (308011): Node  "registradorGenerico:PC|DOUT[21]" File: C:/Users/Rafael/Documents/GitHub/MIPS/registradorGenerico.vhd Line: 22
    Info (308011): Node  "registradorGenerico:PC|DOUT[15]" File: C:/Users/Rafael/Documents/GitHub/MIPS/registradorGenerico.vhd Line: 22
    Info (308011): Node  "registradorGenerico:PC|DOUT[23]" File: C:/Users/Rafael/Documents/GitHub/MIPS/registradorGenerico.vhd Line: 22
    Info (308011): Node  "registradorGenerico:PC|DOUT[1]" File: C:/Users/Rafael/Documents/GitHub/MIPS/registradorGenerico.vhd Line: 22
    Info (308011): Node  "registradorGenerico:PC|DOUT[10]" File: C:/Users/Rafael/Documents/GitHub/MIPS/registradorGenerico.vhd Line: 22
    Info (308011): Node  "registradorGenerico:PC|DOUT[11]" File: C:/Users/Rafael/Documents/GitHub/MIPS/registradorGenerico.vhd Line: 22
    Info (308011): Node  "registradorGenerico:PC|DOUT[24]" File: C:/Users/Rafael/Documents/GitHub/MIPS/registradorGenerico.vhd Line: 22
    Info (308011): Node  "registradorGenerico:PC|DOUT[26]" File: C:/Users/Rafael/Documents/GitHub/MIPS/registradorGenerico.vhd Line: 22
    Info (308002): Truncated list of Design Assistant messages to 30 messages. Go to sections under Design Assistant section of Compilation Report for complete lists of Design Assistant messages generated.
Info (308006): Design Assistant information: finished post-synthesis analysis of current design -- generated 50 information messages and 32 warning messages
Info: Quartus Prime Design Assistant was successful. 0 errors, 38 warnings
    Info: Peak virtual memory: 643 megabytes
    Info: Processing ended: Sun Nov 26 18:38:53 2017
    Info: Elapsed time: 00:00:01
    Info: Total CPU time (on all processors): 00:00:01


